INFO client_web.py:<module>:196 - server started
INFO client_web.py:index:29 - index
INFO client_web.py:texasholdem_poker_game:56 - texasholdem_poker_game
INFO client_web.py:poker_game:67 - poker_game
INFO client_web.py:poker_game:69 - session:<SecureCookieSession {'player-id': '714f1ad1-9726-4bb0-b2cd-8ecc1c53bb47', 'player-money': 1000, 'player-name': '1', 'room-id': '1'}>
INFO client_web.py:poker_game:113 - [MARK] 0
INFO client_web.py:poker_game:117 - [MARK] 1
INFO client_web.py:poker_game:119 - [MARK] 2
INFO player_client.py:connect:45 - [MARK] 3
INFO channel_redis.py:push:79 - [redis:push] {'message_type': 'connect', 'timeout_epoch': 1637224332.5617383, 'player': {'id': '714f1ad1-9726-4bb0-b2cd-8ecc1c53bb47', 'name': '1', 'money': 1000}, 'session_id': 'dda9b5c1-956a-4d78-9f49-ca985f04adea', 'room_id': '1'}
INFO player_client.py:connect:61 - [MARK] 4
INFO channel_redis.py:__init__:112 - [redis:init]
INFO player_client.py:connect:69 - [MARK] 5
INFO channel_redis.py:pop:96 - [redis:pop] {'message_type': 'connect', 'server_id': '7e1671ee-55f1-4f0e-a720-5b766741ee45', 'player': {'id': '714f1ad1-9726-4bb0-b2cd-8ecc1c53bb47', 'name': '1', 'money': 1000.0}}
INFO channel_redis.py:recv_message:122 - [redis:recv] {'message_type': 'connect', 'server_id': '7e1671ee-55f1-4f0e-a720-5b766741ee45', 'player': {'id': '714f1ad1-9726-4bb0-b2cd-8ecc1c53bb47', 'name': '1', 'money': 1000.0}}
INFO player_client.py:connect:71 - [MARK] 6
INFO player_client.py:connect:73 - [MARK] 7
[2021-11-18 16:31:42,573] INFO in player_client: player 714f1ad1-9726-4bb0-b2cd-8ecc1c53bb47: connected to server 7e1671ee-55f1-4f0e-a720-5b766741ee45
INFO player_client.py:connect:75 - [MARK] 8
INFO client_web.py:poker_game:129 - [MARK] 9
INFO client_web.py:poker_game:137 - [MARK] 10
INFO channel_websocket.py:send_message:20 - [ws:send] {'message_type': 'connect', 'server_id': '7e1671ee-55f1-4f0e-a720-5b766741ee45', 'player': {'id': '714f1ad1-9726-4bb0-b2cd-8ecc1c53bb47', 'name': '1', 'money': 1000.0}}
INFO channel_redis.py:pop:96 - [redis:pop] {'message_type': 'room-update', 'event': 'player-added', 'room_id': '1', 'players': {'714f1ad1-9726-4bb0-b2cd-8ecc1c53bb47': {'id': '714f1ad1-9726-4bb0-b2cd-8ecc1c53bb47', 'name': '1', 'money': 1000.0}}, 'player_ids': ['714f1ad1-9726-4bb0-b2cd-8ecc1c53bb47', None, None, None, None, None, None, None, None, None], 'player_id': '714f1ad1-9726-4bb0-b2cd-8ecc1c53bb47'}
INFO channel_redis.py:recv_message:122 - [redis:recv] {'message_type': 'room-update', 'event': 'player-added', 'room_id': '1', 'players': {'714f1ad1-9726-4bb0-b2cd-8ecc1c53bb47': {'id': '714f1ad1-9726-4bb0-b2cd-8ecc1c53bb47', 'name': '1', 'money': 1000.0}}, 'player_ids': ['714f1ad1-9726-4bb0-b2cd-8ecc1c53bb47', None, None, None, None, None, None, None, None, None], 'player_id': '714f1ad1-9726-4bb0-b2cd-8ecc1c53bb47'}
INFO channel_websocket.py:send_message:20 - [ws:send] {'message_type': 'room-update', 'event': 'player-added', 'room_id': '1', 'players': {'714f1ad1-9726-4bb0-b2cd-8ecc1c53bb47': {'id': '714f1ad1-9726-4bb0-b2cd-8ecc1c53bb47', 'name': '1', 'money': 1000.0}}, 'player_ids': ['714f1ad1-9726-4bb0-b2cd-8ecc1c53bb47', None, None, None, None, None, None, None, None, None], 'player_id': '714f1ad1-9726-4bb0-b2cd-8ecc1c53bb47'}
INFO channel_redis.py:pop:96 - [redis:pop] {'message_type': 'ping'}
INFO channel_redis.py:recv_message:122 - [redis:recv] {'message_type': 'ping'}
INFO channel_websocket.py:send_message:20 - [ws:send] {'message_type': 'ping'}
INFO channel_websocket.py:recv_message:51 - [ws:recv] {'message_type': 'pong'}
INFO channel_redis.py:send_message:117 - [redis:send] {'message_type': 'pong'}
INFO channel_redis.py:push:79 - [redis:push] {'message_type': 'pong'}

